<?xml version="1.0" encoding="UTF-8"?>
<!-- Generated by org.testng.reporters.JUnitReportReporter -->
<testsuite hostname="DESKTOP-T2VONFA" failures="0" tests="1" name="com.crm.tests.CreateUserTestScript" time="45.990" errors="0" timestamp="2021-08-20T15:19:11 IST" skipped="0">
  <testcase classname="com.crm.tests.CreateUserTestScript" name="CreateUserAccountwithdetails" time="45.990"/>
  <system-out/>
</testsuite> <!-- com.crm.tests.CreateUserTestScript -->
