<?xml version="1.0" encoding="UTF-8"?>
<!-- Generated by org.testng.reporters.JUnitReportReporter -->
<testsuite hostname="DESKTOP-T2VONFA" failures="0" tests="3" name="com.crm.tests.CreateCaseTestScript" time="65.557" errors="0" timestamp="2021-08-20T13:04:26 IST" skipped="0">
  <testcase classname="com.crm.tests.CreateCaseTestScript" name="createCaseWithDetails" time="35.684"/>
  <system-out/>
  <testcase classname="com.crm.tests.CreateCaseTestScript" name="createCaseWithDetailsandinfo" time="14.124"/>
  <system-out/>
  <testcase classname="com.crm.tests.CreateCaseTestScript" name="createCaseWithDetailsandinfo1" time="15.749"/>
  <system-out/>
</testsuite> <!-- com.crm.tests.CreateCaseTestScript -->
