<?xml version="1.0" encoding="UTF-8"?>
<!-- Generated by org.testng.reporters.JUnitReportReporter -->
<testsuite hostname="DESKTOP-T2VONFA" failures="0" tests="1" name="com.crm.tests.CreateCaseTestScript1" time="50.614" errors="0" timestamp="2021-08-17T14:34:06 IST" skipped="0">
  <testcase classname="com.crm.tests.CreateCaseTestScript1" name="createCaseWithDetails" time="50.614"/>
  <system-out/>
</testsuite> <!-- com.crm.tests.CreateCaseTestScript1 -->
