<?xml version="1.0" encoding="UTF-8"?>
<!-- Generated by org.testng.reporters.JUnitReportReporter -->
<testsuite hostname="DESKTOP-T2VONFA" failures="0" tests="1" name="com.crm.tests.CreateCaseTestScript6" time="51.043" errors="0" timestamp="2021-08-17T14:28:51 IST" skipped="0">
  <testcase classname="com.crm.tests.CreateCaseTestScript6" name="createCaseWithDetails" time="51.043"/>
  <system-out/>
</testsuite> <!-- com.crm.tests.CreateCaseTestScript6 -->
