<?xml version="1.0" encoding="UTF-8"?>
<!-- Generated by org.testng.reporters.JUnitReportReporter -->
<testsuite hostname="DESKTOP-T2VONFA" failures="0" tests="1" name="com.crm.tests.CreateAccountTestScript" time="38.103" errors="0" timestamp="2021-08-12T23:16:51 IST" skipped="0">
  <testcase classname="com.crm.tests.CreateAccountTestScript" name="createAccountWithBillingAddressAndShippingAddress" time="38.103"/>
  <system-out/>
</testsuite> <!-- com.crm.tests.CreateAccountTestScript -->
