<?xml version="1.0" encoding="UTF-8"?>
<!-- Generated by org.testng.reporters.JUnitReportReporter -->
<testsuite hostname="DESKTOP-T2VONFA" failures="0" tests="2" name="com.crm.tests.CreateCaseTestScript" time="43.315" errors="0" timestamp="2021-08-17T11:45:21 IST" skipped="0">
  <testcase classname="com.crm.tests.CreateCaseTestScript" name="createCaseWithDetails" time="29.976"/>
  <system-out/>
  <testcase classname="com.crm.tests.CreateCaseTestScript" name="createCaseWithDetailsandinfo" time="13.339"/>
  <system-out/>
</testsuite> <!-- com.crm.tests.CreateCaseTestScript -->
